DEBUG list_tests.c:108: ----- RUNNING: ./list_tests
DEBUG list_tests.c:98: 
----- test_create
DEBUG list_tests.c:99: 
----- test_push_pop
[ERROR] (list_tests.c:30: errno: None) Wrong last value
DEBUG list_tests.c:108: ----- RUNNING: ./list_tests
DEBUG list_tests.c:98: 
----- test_create
DEBUG list_tests.c:99: 
----- test_push_pop
[ERROR] (list_tests.c:30: errno: None) Wrong last value
DEBUG list_tests.c:108: ----- RUNNING: ./list_tests
DEBUG list_tests.c:98: 
----- test_create
DEBUG list_tests.c:99: 
----- test_push_pop
[ERROR] (list_tests.c:30: errno: None) Wrong last value
DEBUG list_tests.c:108: ----- RUNNING: ./list_tests
DEBUG list_tests.c:98: 
----- test_create
DEBUG list_tests.c:99: 
----- test_push_pop
[ERROR] (list_tests.c:30: errno: None) Wrong last value
